<?xml version="1.0" encoding="UTF-8"?>
<testsuite name="com.compraventap.propiedad_raiz_api.PropiedadRaizApiApplicationTests" tests="1" skipped="0" failures="0" errors="0" timestamp="2026-05-22T20:58:12.972Z" hostname="juan-ZenBook-UX431DA" time="6.747">
  <properties/>
  <testcase name="contextLoads()" classname="com.compraventap.propiedad_raiz_api.PropiedadRaizApiApplicationTests" time="0.601"/>
  <system-out><![CDATA[15:58:13.248 [Test worker] INFO org.springframework.test.context.support.AnnotationConfigContextLoaderUtils -- Could not detect default configuration classes for test class [com.compraventap.propiedad_raiz_api.PropiedadRaizApiApplicationTests]: PropiedadRaizApiApplicationTests does not declare any static, non-private, non-final, nested classes annotated with @Configuration.
15:58:13.406 [Test worker] INFO org.springframework.boot.test.context.SpringBootTestContextBootstrapper -- Found @SpringBootConfiguration com.compraventap.PropiedadRaizApiApplication for test class com.compraventap.propiedad_raiz_api.PropiedadRaizApiApplicationTests
15:58:13.528 [Test worker] INFO org.springframework.test.context.support.AnnotationConfigContextLoaderUtils -- Could not detect default configuration classes for test class [com.compraventap.propiedad_raiz_api.PropiedadRaizApiApplicationTests]: PropiedadRaizApiApplicationTests does not declare any static, non-private, non-final, nested classes annotated with @Configuration.
15:58:13.532 [Test worker] INFO org.springframework.boot.test.context.SpringBootTestContextBootstrapper -- Found @SpringBootConfiguration com.compraventap.PropiedadRaizApiApplication for test class com.compraventap.propiedad_raiz_api.PropiedadRaizApiApplicationTests

  .   ____          _            __ _ _
 /\\ / ___'_ __ _ _(_)_ __  __ _ \ \ \ \
( ( )\___ | '_ | '_| | '_ \/ _` | \ \ \ \
 \\/  ___)| |_)| | | | | || (_| |  ) ) ) )
  '  |____| .__|_| |_|_| |_\__, | / / / /
 =========|_|==============|___/=/_/_/_/

 :: Spring Boot ::                (v4.0.5)

2026-05-22T15:58:13.985-05:00  INFO 43675 --- [    Test worker] c.c.p.PropiedadRaizApiApplicationTests   : Starting PropiedadRaizApiApplicationTests using Java 21.0.10 with PID 43675 (started by juan in /home/juan/repos/back-cvp-java-springboot)
2026-05-22T15:58:13.989-05:00  INFO 43675 --- [    Test worker] c.c.p.PropiedadRaizApiApplicationTests   : No active profile set, falling back to 1 default profile: "default"
2026-05-22T15:58:14.782-05:00  INFO 43675 --- [    Test worker] .s.d.r.c.RepositoryConfigurationDelegate : Bootstrapping Spring Data JPA repositories in DEFAULT mode.
2026-05-22T15:58:14.890-05:00  INFO 43675 --- [    Test worker] .s.d.r.c.RepositoryConfigurationDelegate : Finished Spring Data repository scanning in 94 ms. Found 7 JPA repository interfaces.
2026-05-22T15:58:15.480-05:00  INFO 43675 --- [    Test worker] org.hibernate.orm.jpa                    : HHH008540: Processing PersistenceUnitInfo [name: default]
2026-05-22T15:58:15.605-05:00  INFO 43675 --- [    Test worker] org.hibernate.orm.core                   : HHH000001: Hibernate ORM core version 7.2.7.Final
2026-05-22T15:58:16.282-05:00  INFO 43675 --- [    Test worker] o.s.o.j.p.SpringPersistenceUnitInfo      : No LoadTimeWeaver setup: ignoring JPA class transformer
2026-05-22T15:58:16.326-05:00  INFO 43675 --- [    Test worker] com.zaxxer.hikari.HikariDataSource       : HikariPool-1 - Starting...
2026-05-22T15:58:16.584-05:00  INFO 43675 --- [    Test worker] com.zaxxer.hikari.pool.HikariPool        : HikariPool-1 - Added connection conn0: url=jdbc:h2:mem:testdb user=SA
2026-05-22T15:58:16.587-05:00  INFO 43675 --- [    Test worker] com.zaxxer.hikari.HikariDataSource       : HikariPool-1 - Start completed.
2026-05-22T15:58:16.623-05:00  WARN 43675 --- [    Test worker] org.hibernate.orm.deprecation            : HHH90000025: H2Dialect does not need to be specified explicitly using 'hibernate.dialect' (remove the property setting and it will be selected by default)
2026-05-22T15:58:16.653-05:00  INFO 43675 --- [    Test worker] org.hibernate.orm.connections.pooling    : HHH10001005: Database info:
	Database JDBC URL [jdbc:h2:mem:testdb]
	Database driver: H2 JDBC Driver
	Database dialect: H2Dialect
	Database version: 2.4.240
	Default catalog/schema: TESTDB/PUBLIC
	Autocommit mode: undefined/unknown
	Isolation level: READ_COMMITTED [default READ_COMMITTED]
	JDBC fetch size: 100
	Pool: DataSourceConnectionProvider
	Minimum pool size: undefined/unknown
	Maximum pool size: undefined/unknown
2026-05-22T15:58:17.860-05:00  INFO 43675 --- [    Test worker] org.hibernate.orm.core                   : HHH000489: No JTA platform available (set 'hibernate.transaction.jta.platform' to enable JTA platform integration)
Hibernate: drop table if exists administrador cascade 
Hibernate: drop table if exists comprador cascade 
Hibernate: drop table if exists contrato cascade 
Hibernate: drop table if exists pago cascade 
Hibernate: drop table if exists propiedad cascade 
Hibernate: drop table if exists usuario cascade 
Hibernate: drop table if exists vendedor cascade 
Hibernate: create table administrador (id_administrador integer generated by default as identity, id_usuario integer not null unique, nivel_acceso varchar(255), primary key (id_administrador))
Hibernate: create table comprador (id_comprador integer generated by default as identity, id_usuario integer not null unique, primary key (id_comprador))
Hibernate: create table contrato (fecha_final date, fecha_inicio date, id_comprador integer not null, id_contrato integer generated by default as identity, id_propiedad integer not null, id_vendedor integer not null, monto_total integer, estado_contrato varchar(255), primary key (id_contrato))
Hibernate: create table pago (fecha_pago date, id_contrato integer not null, id_pago integer generated by default as identity, monto integer, estado_pago varchar(255), metodo_pago varchar(255), primary key (id_pago))
Hibernate: create table propiedad (bathrooms integer, bedrooms integer, id_propiedad integer generated by default as identity, id_vendedor integer not null, precio integer, area varchar(255), descripcion varchar(255), image varchar(255), titulo varchar(255), type varchar(255), ubicacion varchar(255), primary key (id_propiedad))
Hibernate: create table usuario (cedula integer, id_usuario integer generated by default as identity, email varchar(255) not null unique, nombre varchar(255), password varchar(255), primary key (id_usuario))
Hibernate: create table vendedor (id_usuario integer not null unique, id_vendedor integer generated by default as identity, primary key (id_vendedor))
Hibernate: alter table if exists administrador add constraint FKpt2bj0l5q4npigarogy7p1834 foreign key (id_usuario) references usuario
Hibernate: alter table if exists comprador add constraint FKp2s2kebtd2n6pg7p9fffuu4hd foreign key (id_usuario) references usuario
Hibernate: alter table if exists contrato add constraint FKfl5pjw18ghytfegoe6wo1f5mh foreign key (id_comprador) references comprador
Hibernate: alter table if exists contrato add constraint FK6rgebmmggynwb4dl0ppsr3p1v foreign key (id_propiedad) references propiedad
Hibernate: alter table if exists contrato add constraint FK6yncm7al8csto5aweqnrme78w foreign key (id_vendedor) references vendedor
Hibernate: alter table if exists pago add constraint FK68ofxvf9yq36hcxg1am06fhw foreign key (id_contrato) references contrato
Hibernate: alter table if exists propiedad add constraint FK100akbrtvjj428oelnv6554pf foreign key (id_vendedor) references vendedor
Hibernate: alter table if exists vendedor add constraint FK6mj272xpiulwdpy4t5jd2t6tl foreign key (id_usuario) references usuario
2026-05-22T15:58:17.946-05:00  INFO 43675 --- [    Test worker] j.LocalContainerEntityManagerFactoryBean : Initialized JPA EntityManagerFactory for persistence unit 'default'
2026-05-22T15:58:18.075-05:00  INFO 43675 --- [    Test worker] o.s.d.j.r.query.QueryEnhancerFactories   : Hibernate is in classpath; If applicable, HQL parser will be used.
2026-05-22T15:58:18.479-05:00  WARN 43675 --- [    Test worker] JpaBaseConfiguration$JpaWebConfiguration : spring.jpa.open-in-view is enabled by default. Therefore, database queries may be performed during view rendering. Explicitly configure spring.jpa.open-in-view to disable this warning
2026-05-22T15:58:19.099-05:00  INFO 43675 --- [    Test worker] c.c.p.PropiedadRaizApiApplicationTests   : Started PropiedadRaizApiApplicationTests in 5.458 seconds (process running for 7.287)
]]></system-out>
  <system-err><![CDATA[Mockito is currently self-attaching to enable the inline-mock-maker. This will no longer work in future releases of the JDK. Please add Mockito as an agent to your build as described in Mockito's documentation: https://javadoc.io/doc/org.mockito/mockito-core/latest/org.mockito/org/mockito/Mockito.html#0.3
WARNING: A Java agent has been loaded dynamically (/home/juan/.gradle/caches/modules-2/files-2.1/net.bytebuddy/byte-buddy-agent/1.17.8/f09415827a71be7ed621c7bd02550678f28bc81c/byte-buddy-agent-1.17.8.jar)
WARNING: If a serviceability tool is in use, please run with -XX:+EnableDynamicAgentLoading to hide this warning
WARNING: If a serviceability tool is not in use, please run with -Djdk.instrument.traceUsage for more information
WARNING: Dynamic loading of agents will be disallowed by default in a future release
]]></system-err>
</testsuite>
