<?xml version="1.0" encoding="UTF-8"?>
<testsuite name="com.compraventap.VendedorRepositoryTest" tests="1" skipped="0" failures="0" errors="0" timestamp="2026-05-22T20:58:19.728Z" hostname="juan-ZenBook-UX431DA" time="0.107">
  <properties/>
  <testcase name="contextLoads()" classname="com.compraventap.VendedorRepositoryTest" time="0.086"/>
  <system-out><![CDATA[2026-05-22T15:58:19.731-05:00  INFO 43675 --- [    Test worker] t.c.s.AnnotationConfigContextLoaderUtils : Could not detect default configuration classes for test class [com.compraventap.VendedorRepositoryTest]: VendedorRepositoryTest does not declare any static, non-private, non-final, nested classes annotated with @Configuration.
2026-05-22T15:58:19.741-05:00  INFO 43675 --- [    Test worker] .b.t.c.SpringBootTestContextBootstrapper : Found @SpringBootConfiguration com.compraventap.PropiedadRaizApiApplication for test class com.compraventap.VendedorRepositoryTest
2026-05-22T15:58:19.743-05:00  INFO 43675 --- [    Test worker] t.c.s.AnnotationConfigContextLoaderUtils : Could not detect default configuration classes for test class [com.compraventap.VendedorRepositoryTest]: VendedorRepositoryTest does not declare any static, non-private, non-final, nested classes annotated with @Configuration.
2026-05-22T15:58:19.745-05:00  INFO 43675 --- [    Test worker] .b.t.c.SpringBootTestContextBootstrapper : Found @SpringBootConfiguration com.compraventap.PropiedadRaizApiApplication for test class com.compraventap.VendedorRepositoryTest
]]></system-out>
  <system-err><![CDATA[]]></system-err>
</testsuite>
