<?xml version="1.0" encoding="UTF-8"?>
<testsuite name="com.compraventap.propiedad_raiz_api.PropiedadRaizApiApplicationTests" tests="1" skipped="0" failures="0" errors="0" timestamp="2026-04-01T18:24:31.142Z" hostname="juan-ZenBook-UX431DA" time="7.821">
  <properties/>
  <testcase name="contextLoads()" classname="com.compraventap.propiedad_raiz_api.PropiedadRaizApiApplicationTests" time="1.335"/>
  <system-out><![CDATA[13:24:31.402 [Test worker] INFO org.springframework.test.context.support.AnnotationConfigContextLoaderUtils -- Could not detect default configuration classes for test class [com.compraventap.propiedad_raiz_api.PropiedadRaizApiApplicationTests]: PropiedadRaizApiApplicationTests does not declare any static, non-private, non-final, nested classes annotated with @Configuration.
13:24:31.589 [Test worker] INFO org.springframework.boot.test.context.SpringBootTestContextBootstrapper -- Found @SpringBootConfiguration com.compraventap.propiedad_raiz_api.PropiedadRaizApiApplication for test class com.compraventap.propiedad_raiz_api.PropiedadRaizApiApplicationTests
13:24:31.704 [Test worker] INFO org.springframework.test.context.support.AnnotationConfigContextLoaderUtils -- Could not detect default configuration classes for test class [com.compraventap.propiedad_raiz_api.PropiedadRaizApiApplicationTests]: PropiedadRaizApiApplicationTests does not declare any static, non-private, non-final, nested classes annotated with @Configuration.
13:24:31.707 [Test worker] INFO org.springframework.boot.test.context.SpringBootTestContextBootstrapper -- Found @SpringBootConfiguration com.compraventap.propiedad_raiz_api.PropiedadRaizApiApplication for test class com.compraventap.propiedad_raiz_api.PropiedadRaizApiApplicationTests

  .   ____          _            __ _ _
 /\\ / ___'_ __ _ _(_)_ __  __ _ \ \ \ \
( ( )\___ | '_ | '_| | '_ \/ _` | \ \ \ \
 \\/  ___)| |_)| | | | | || (_| |  ) ) ) )
  '  |____| .__|_| |_|_| |_\__, | / / / /
 =========|_|==============|___/=/_/_/_/

 :: Spring Boot ::                (v4.0.5)

2026-04-01T13:24:32.135-05:00  INFO 49820 --- [    Test worker] c.c.p.PropiedadRaizApiApplicationTests   : Starting PropiedadRaizApiApplicationTests using Java 21.0.10 with PID 49820 (started by juan in /home/juan/repos/back-cvp-java-springboot)
2026-04-01T13:24:32.138-05:00  INFO 49820 --- [    Test worker] c.c.p.PropiedadRaizApiApplicationTests   : No active profile set, falling back to 1 default profile: "default"
2026-04-01T13:24:32.963-05:00  INFO 49820 --- [    Test worker] .s.d.r.c.RepositoryConfigurationDelegate : Bootstrapping Spring Data JPA repositories in DEFAULT mode.
2026-04-01T13:24:33.007-05:00  INFO 49820 --- [    Test worker] .s.d.r.c.RepositoryConfigurationDelegate : Finished Spring Data repository scanning in 23 ms. Found 0 JPA repository interfaces.
2026-04-01T13:24:33.651-05:00  INFO 49820 --- [    Test worker] org.hibernate.orm.jpa                    : HHH008540: Processing PersistenceUnitInfo [name: default]
2026-04-01T13:24:33.756-05:00  INFO 49820 --- [    Test worker] org.hibernate.orm.core                   : HHH000001: Hibernate ORM core version 7.2.7.Final
2026-04-01T13:24:34.638-05:00  INFO 49820 --- [    Test worker] o.s.o.j.p.SpringPersistenceUnitInfo      : No LoadTimeWeaver setup: ignoring JPA class transformer
2026-04-01T13:24:34.690-05:00  INFO 49820 --- [    Test worker] com.zaxxer.hikari.HikariDataSource       : HikariPool-1 - Starting...
2026-04-01T13:24:35.331-05:00  INFO 49820 --- [    Test worker] com.zaxxer.hikari.pool.HikariPool        : HikariPool-1 - Added connection com.mysql.cj.jdbc.ConnectionImpl@912747d
2026-04-01T13:24:35.335-05:00  INFO 49820 --- [    Test worker] com.zaxxer.hikari.HikariDataSource       : HikariPool-1 - Start completed.
2026-04-01T13:24:35.424-05:00  WARN 49820 --- [    Test worker] org.hibernate.orm.deprecation            : HHH90000025: MySQLDialect does not need to be specified explicitly using 'hibernate.dialect' (remove the property setting and it will be selected by default)
2026-04-01T13:24:35.456-05:00  INFO 49820 --- [    Test worker] org.hibernate.orm.connections.pooling    : HHH10001005: Database info:
	Database JDBC URL [jdbc:mysql://localhost:3306/compra_venta_propiedades]
	Database driver: MySQL Connector/J
	Database dialect: MySQLDialect
	Database version: 8.0.45
	Default catalog/schema: compra_venta_propiedades/undefined
	Autocommit mode: undefined/unknown
	Isolation level: REPEATABLE_READ [default REPEATABLE_READ]
	JDBC fetch size: none
	Pool: DataSourceConnectionProvider
	Minimum pool size: undefined/unknown
	Maximum pool size: undefined/unknown
2026-04-01T13:24:36.359-05:00  INFO 49820 --- [    Test worker] org.hibernate.orm.core                   : HHH000489: No JTA platform available (set 'hibernate.transaction.jta.platform' to enable JTA platform integration)
2026-04-01T13:24:36.380-05:00  INFO 49820 --- [    Test worker] j.LocalContainerEntityManagerFactoryBean : Initialized JPA EntityManagerFactory for persistence unit 'default'
2026-04-01T13:24:36.565-05:00  WARN 49820 --- [    Test worker] JpaBaseConfiguration$JpaWebConfiguration : spring.jpa.open-in-view is enabled by default. Therefore, database queries may be performed during view rendering. Explicitly configure spring.jpa.open-in-view to disable this warning
2026-04-01T13:24:37.600-05:00  INFO 49820 --- [    Test worker] c.c.p.PropiedadRaizApiApplicationTests   : Started PropiedadRaizApiApplicationTests in 5.778 seconds (process running for 7.904)
]]></system-out>
  <system-err><![CDATA[Mockito is currently self-attaching to enable the inline-mock-maker. This will no longer work in future releases of the JDK. Please add Mockito as an agent to your build as described in Mockito's documentation: https://javadoc.io/doc/org.mockito/mockito-core/latest/org.mockito/org/mockito/Mockito.html#0.3
WARNING: A Java agent has been loaded dynamically (/home/juan/.gradle/caches/modules-2/files-2.1/net.bytebuddy/byte-buddy-agent/1.17.8/f09415827a71be7ed621c7bd02550678f28bc81c/byte-buddy-agent-1.17.8.jar)
WARNING: If a serviceability tool is in use, please run with -XX:+EnableDynamicAgentLoading to hide this warning
WARNING: If a serviceability tool is not in use, please run with -Djdk.instrument.traceUsage for more information
WARNING: Dynamic loading of agents will be disallowed by default in a future release
]]></system-err>
</testsuite>
